0 info it worked if it ends with ok
1 verbose cli [ 'C:\\Program Files\\nodejs\\\\node.exe',
1 verbose cli   'C:\\Program Files\\nodejs\\node_modules\\npm\\bin\\npm-cli.js',
1 verbose cli   'publish' ]
2 info using npm@2.5.1
3 info using node@v0.12.0
4 verbose node symlink C:\Program Files\nodejs\\node.exe
5 verbose publish [ '.' ]
6 silly cache add args [ '.', null ]
7 verbose cache add spec .
8 silly cache add parsed spec { raw: '.',
8 silly cache add   scope: null,
8 silly cache add   name: null,
8 silly cache add   rawSpec: '.',
8 silly cache add   spec: 'C:\\Users\\472150\\Desktop\\jslib\\starwars-names',
8 silly cache add   type: 'directory' }
9 verbose addLocalDirectory C:\Users\472150\AppData\Roaming\npm-cache\starwars-names\1.0.0\package.tgz not in flight; packing
10 verbose tar pack [ 'C:\\Users\\472150\\AppData\\Roaming\\npm-cache\\starwars-names\\1.0.0\\package.tgz',
10 verbose tar pack   'C:\\Users\\472150\\Desktop\\jslib\\starwars-names' ]
11 verbose tarball C:\Users\472150\AppData\Roaming\npm-cache\starwars-names\1.0.0\package.tgz
12 verbose folder C:\Users\472150\Desktop\jslib\starwars-names
13 info prepublish starwars-names@1.0.0
14 verbose addLocalTarball adding from inside cache C:\Users\472150\AppData\Roaming\npm-cache\starwars-names\1.0.0\package.tgz
15 silly cache afterAdd starwars-names@1.0.0
16 verbose afterAdd C:\Users\472150\AppData\Roaming\npm-cache\starwars-names\1.0.0\package\package.json not in flight; writing
17 verbose afterAdd C:\Users\472150\AppData\Roaming\npm-cache\starwars-names\1.0.0\package\package.json written
18 silly publish { name: 'starwars-names',
18 silly publish   version: '1.0.0',
18 silly publish   description: 'get random starwars names',
18 silly publish   main: 'src/index.js',
18 silly publish   scripts: { test: 'echo "Error: no test specified" && exit 1' },
18 silly publish   repository:
18 silly publish    { type: 'git',
18 silly publish      url: 'https://github.com/logesh-kumar/starwars-names.git' },
18 silly publish   keywords: [ 'random', 'starwars' ],
18 silly publish   author: { name: 'Logesh', email: 'phoenix.logu@gmail.com' },
18 silly publish   license: 'MIT',
18 silly publish   bugs: { url: 'https://github.com/logesh-kumar/starwars-names/issues' },
18 silly publish   homepage: 'https://github.com/logesh-kumar/starwars-names',
18 silly publish   dependencies: { 'unique-random-array': '1.0.0' },
18 silly publish   readme: '# starwars-names \r\n',
18 silly publish   readmeFilename: 'README.md',
18 silly publish   gitHead: 'cd982a266ce239679fa81022f1cf4fcb9e98d5ec',
18 silly publish   _id: 'starwars-names@1.0.0',
18 silly publish   _shasum: 'bfd4ef6e7db9b7bcb26cb44b96698475307ac327',
18 silly publish   _from: '.' }
19 silly mapToRegistry name starwars-names
20 silly mapToRegistry using default registry
21 silly mapToRegistry registry http://registry.npmjs.org/
22 silly mapToRegistry uri http://registry.npmjs.org/starwars-names
23 verbose publish registryBase http://registry.npmjs.org/
24 silly publish uploading C:\Users\472150\AppData\Roaming\npm-cache\starwars-names\1.0.0\package.tgz
25 verbose request uri http://registry.npmjs.org/starwars-names
26 verbose request sending authorization for write operation
27 info attempt registry request try #1 at 4:20:54 PM
28 verbose request using bearer token for auth
29 verbose request id 5e0449759adaf380
30 http request PUT http://registry.npmjs.org/starwars-names
31 http 403 http://registry.npmjs.org/starwars-names
32 verbose headers { 'content-type': 'application/json',
32 verbose headers   'content-length': '106',
32 verbose headers   'accept-ranges': 'bytes',
32 verbose headers   date: 'Fri, 09 Oct 2015 10:50:55 GMT',
32 verbose headers   via: '1.1 varnish',
32 verbose headers   'x-served-by': 'cache-dfw1833-DFW',
32 verbose headers   'x-cache': 'MISS',
32 verbose headers   'x-cache-hits': '0',
32 verbose headers   'x-timer': 'S1444387854.639511,VS0,VE605',
32 verbose headers   'cache-control': 'max-age=60, proxy-revalidate',
32 verbose headers   connection: 'Keep-Alive' }
33 verbose request invalidating C:\Users\472150\AppData\Roaming\npm-cache\registry.npmjs.org\starwars-names on PUT
34 error publish Failed PUT 403
35 verbose stack Error: You do not have permission to publish 'starwars-names'. Are you logged in as the correct user? : starwars-names
35 verbose stack     at CachingRegistryClient.<anonymous> (C:\Program Files\nodejs\node_modules\npm\node_modules\npm-registry-client\lib\request.js:254:14)
35 verbose stack     at Request._callback (C:\Program Files\nodejs\node_modules\npm\node_modules\npm-registry-client\lib\request.js:178:14)
35 verbose stack     at Request.self.callback (C:\Program Files\nodejs\node_modules\npm\node_modules\request\request.js:344:22)
35 verbose stack     at Request.emit (events.js:110:17)
35 verbose stack     at Request.<anonymous> (C:\Program Files\nodejs\node_modules\npm\node_modules\request\request.js:1239:14)
35 verbose stack     at Request.emit (events.js:129:20)
35 verbose stack     at IncomingMessage.<anonymous> (C:\Program Files\nodejs\node_modules\npm\node_modules\request\request.js:1187:12)
35 verbose stack     at IncomingMessage.emit (events.js:129:20)
35 verbose stack     at _stream_readable.js:908:16
35 verbose stack     at process._tickCallback (node.js:355:11)
36 verbose statusCode 403
37 verbose pkgid starwars-names
38 verbose cwd C:\Users\472150\Desktop\jslib\starwars-names
39 error Windows_NT 6.1.7601
40 error argv "C:\\Program Files\\nodejs\\\\node.exe" "C:\\Program Files\\nodejs\\node_modules\\npm\\bin\\npm-cli.js" "publish"
41 error node v0.12.0
42 error npm  v2.5.1
43 error code E403
44 error You do not have permission to publish 'starwars-names'. Are you logged in as the correct user? : starwars-names
45 error If you need help, you may report this error at:
45 error     <http://github.com/npm/npm/issues>
46 verbose exit [ 1, true ]
